Started at 2026-06-14T14:04:26+08:00
Target latest items: 300
Fetch search combined page=1 url=https://store.steampowered.com/search/results/?query=&start=0&count=25&sort_by=Released_DESC&sort_order=DESC&category1=998%2C10&cc=CN&l=schinese&ignore_preferences=1
Fetch search combined page=2 url=https://store.steampowered.com/search/results/?query=&start=25&count=25&sort_by=Released_DESC&sort_order=DESC&category1=998%2C10&cc=CN&l=schinese&ignore_preferences=1
Fetch search combined page=3 url=https://store.steampowered.com/search/results/?query=&start=50&count=25&sort_by=Released_DESC&sort_order=DESC&category1=998%2C10&cc=CN&l=schinese&ignore_preferences=1
Fetch search combined page=4 url=https://store.steampowered.com/search/results/?query=&start=75&count=25&sort_by=Released_DESC&sort_order=DESC&category1=998%2C10&cc=CN&l=schinese&ignore_preferences=1
Fetch search combined page=5 url=https://store.steampowered.com/search/results/?query=&start=100&count=25&sort_by=Released_DESC&sort_order=DESC&category1=998%2C10&cc=CN&l=schinese&ignore_preferences=1
Fetch search combined page=6 url=https://store.steampowered.com/search/results/?query=&start=125&count=25&sort_by=Released_DESC&sort_order=DESC&category1=998%2C10&cc=CN&l=schinese&ignore_preferences=1
Fetch search combined page=7 url=https://store.steampowered.com/search/results/?query=&start=150&count=25&sort_by=Released_DESC&sort_order=DESC&category1=998%2C10&cc=CN&l=schinese&ignore_preferences=1
Fetch search combined page=8 url=https://store.steampowered.com/search/results/?query=&start=175&count=25&sort_by=Released_DESC&sort_order=DESC&category1=998%2C10&cc=CN&l=schinese&ignore_preferences=1
Fetch search combined page=9 url=https://store.steampowered.com/search/results/?query=&start=200&count=25&sort_by=Released_DESC&sort_order=DESC&category1=998%2C10&cc=CN&l=schinese&ignore_preferences=1
Fetch search combined page=10 url=https://store.steampowered.com/search/results/?query=&start=225&count=25&sort_by=Released_DESC&sort_order=DESC&category1=998%2C10&cc=CN&l=schinese&ignore_preferences=1
Fetch search combined page=11 url=https://store.steampowered.com/search/results/?query=&start=250&count=25&sort_by=Released_DESC&sort_order=DESC&category1=998%2C10&cc=CN&l=schinese&ignore_preferences=1
Fetch search combined page=12 url=https://store.steampowered.com/search/results/?query=&start=275&count=25&sort_by=Released_DESC&sort_order=DESC&category1=998%2C10&cc=CN&l=schinese&ignore_preferences=1
Selected newest items: 300 from search candidates
Fetch StoreBrowse details batches=6 batch_size=50 items=300
StoreBrowse batch 1/6 appids=4781120,4663690,4607880,4812250,4694090,4828460,4306300,4730330,4790540,4487850,4248780,4826080,2258380,4843620,4824230,4829140,3300600,4257900,4350460,4762280,4829500,4841050,4757010,4543430,4687330,4816830,4831350,4796420,4685090,4769320,4810860,4788600,4766570,4788690,4800480,4410040,4622850,4799910,1888760,4594170,4436310,4843410,4759210,4747690,4660490,4282490,4414480,4626540,4761660,4566920
StoreBrowse batch 2/6 appids=4829950,4810400,4816940,4686610,4705620,4815630,4162640,4823500,4788770,4841720,4673910,2830880,4575980,4824510,4591970,4655660,4832250,4711650,3066110,4784240,4822690,4794260,4222060,4787720,4725030,4652970,4653010,4652910,4652880,4813830,4652850,4652570,4652510,4652480,4652420,4814150,4652240,4652220,4651950,4525230,4525200,4525190,4525160,4525120,4525090,4525070,4524970,4524960,4524910,4524900
StoreBrowse batch 3/6 appids=4524840,4524780,4524740,4760980,4594000,4696530,4701920,4738350,4814230,4677640,4637860,4285580,4804500,4825350,4813180,4825190,4834140,4548850,4406250,4811930,4730950,4827690,4814100,3976220,4815860,4815500,4796530,4800550,4728720,4624670,4801750,4719980,4682760,4398360,4391870,4808090,4823170,4698440,4819110,4260530,4833020,4759830,3935130,4816790,4714340,4744340,4811050,4830040,4709650,4718390
StoreBrowse batch 4/6 appids=4813890,4820750,4644600,4817190,4763730,4827600,4137110,3521030,4788290,4831480,4800580,4828970,4815910,4826500,4523540,4828400,4611470,4775970,4818080,4578580,4590220,4787560,3779710,4759390,4815290,4809770,4800690,3804330,4838820,4799600,4821340,3234920,4807760,4739170,4807690,4720150,4836690,4763100,4618160,4558080,4835570,4821010,3421050,4225020,3459400,4762360,4791640,4811660,4836400,4796250
StoreBrowse batch 5/6 appids=4816260,4768420,4474030,4519340,4797090,4776430,4169770,1829470,4838210,4829460,4768070,4777440,4808330,4806630,4829270,4785030,4768730,4330960,4786680,4743670,4802280,4230070,4790680,2806030,4622530,4777190,4081170,1601330,4731790,4838410,4130870,4789100,4733630,4680960,4819920,4830310,4776050,4765580,673560,4014340,4693210,4032930,4466640,4717350,4390620,4731900,4750290,4696840,4775190,4673920
StoreBrowse batch 6/6 appids=4642570,4673080,4622670,4773660,4508600,3424930,4798940,3547880,2661490,3545150,4541910,4810610,4515880,3930510,4727630,4811260,4769510,3864450,4806410,4746430,4824360,4645430,4824990,3237030,4780120,4690650,4695730,4840400,4660770,4672380,4609400,4353780,4798790,4784710,4693020,4746790,4803920,4828660,4720060,4810390,3391920,4792790,4754650,4389360,4802250,2555390,4785430,4671850,4703940,4799120
Potential target=100 min_reviews>50 cutoff=2025-06-14 max_pages=160
Fetch potential game page=1 url=https://store.steampowered.com/search/results/?query=&start=0&count=25&sort_by=Released_DESC&sort_order=DESC&category1=998&cc=CN&l=schinese&ignore_preferences=1
Fetch potential demo page=1 url=https://store.steampowered.com/search/results/?query=&start=0&count=25&sort_by=Released_DESC&sort_order=DESC&category1=10&cc=CN&l=schinese&ignore_preferences=1
Fetch potential game page=2 url=https://store.steampowered.com/search/results/?query=&start=25&count=25&sort_by=Released_DESC&sort_order=DESC&category1=998&cc=CN&l=schinese&ignore_preferences=1
Fetch potential demo page=2 url=https://store.steampowered.com/search/results/?query=&start=25&count=25&sort_by=Released_DESC&sort_order=DESC&category1=10&cc=CN&l=schinese&ignore_preferences=1
Fetch potential game page=3 url=https://store.steampowered.com/search/results/?query=&start=50&count=25&sort_by=Released_DESC&sort_order=DESC&category1=998&cc=CN&l=schinese&ignore_preferences=1
Fetch potential demo page=3 url=https://store.steampowered.com/search/results/?query=&start=50&count=25&sort_by=Released_DESC&sort_order=DESC&category1=10&cc=CN&l=schinese&ignore_preferences=1
Fetch potential game page=4 url=https://store.steampowered.com/search/results/?query=&start=75&count=25&sort_by=Released_DESC&sort_order=DESC&category1=998&cc=CN&l=schinese&ignore_preferences=1
Fetch potential demo page=4 url=https://store.steampowered.com/search/results/?query=&start=75&count=25&sort_by=Released_DESC&sort_order=DESC&category1=10&cc=CN&l=schinese&ignore_preferences=1
Fetch potential game page=5 url=https://store.steampowered.com/search/results/?query=&start=100&count=25&sort_by=Released_DESC&sort_order=DESC&category1=998&cc=CN&l=schinese&ignore_preferences=1
Fetch potential demo page=5 url=https://store.steampowered.com/search/results/?query=&start=100&count=25&sort_by=Released_DESC&sort_order=DESC&category1=10&cc=CN&l=schinese&ignore_preferences=1
Fetch potential game page=6 url=https://store.steampowered.com/search/results/?query=&start=125&count=25&sort_by=Released_DESC&sort_order=DESC&category1=998&cc=CN&l=schinese&ignore_preferences=1
Fetch potential demo page=6 url=https://store.steampowered.com/search/results/?query=&start=125&count=25&sort_by=Released_DESC&sort_order=DESC&category1=10&cc=CN&l=schinese&ignore_preferences=1
Fetch potential game page=7 url=https://store.steampowered.com/search/results/?query=&start=150&count=25&sort_by=Released_DESC&sort_order=DESC&category1=998&cc=CN&l=schinese&ignore_preferences=1
Fetch potential demo page=7 url=https://store.steampowered.com/search/results/?query=&start=150&count=25&sort_by=Released_DESC&sort_order=DESC&category1=10&cc=CN&l=schinese&ignore_preferences=1
Fetch potential game page=8 url=https://store.steampowered.com/search/results/?query=&start=175&count=25&sort_by=Released_DESC&sort_order=DESC&category1=998&cc=CN&l=schinese&ignore_preferences=1
Fetch potential demo page=8 url=https://store.steampowered.com/search/results/?query=&start=175&count=25&sort_by=Released_DESC&sort_order=DESC&category1=10&cc=CN&l=schinese&ignore_preferences=1
Fetch potential game page=9 url=https://store.steampowered.com/search/results/?query=&start=200&count=25&sort_by=Released_DESC&sort_order=DESC&category1=998&cc=CN&l=schinese&ignore_preferences=1
Fetch potential demo page=9 url=https://store.steampowered.com/search/results/?query=&start=200&count=25&sort_by=Released_DESC&sort_order=DESC&category1=10&cc=CN&l=schinese&ignore_preferences=1
Fetch potential game page=10 url=https://store.steampowered.com/search/results/?query=&start=225&count=25&sort_by=Released_DESC&sort_order=DESC&category1=998&cc=CN&l=schinese&ignore_preferences=1
Fetch potential demo page=10 url=https://store.steampowered.com/search/results/?query=&start=225&count=25&sort_by=Released_DESC&sort_order=DESC&category1=10&cc=CN&l=schinese&ignore_preferences=1
Fetch potential game page=11 url=https://store.steampowered.com/search/results/?query=&start=250&count=25&sort_by=Released_DESC&sort_order=DESC&category1=998&cc=CN&l=schinese&ignore_preferences=1
Fetch potential demo page=11 url=https://store.steampowered.com/search/results/?query=&start=250&count=25&sort_by=Released_DESC&sort_order=DESC&category1=10&cc=CN&l=schinese&ignore_preferences=1
Fetch potential game page=12 url=https://store.steampowered.com/search/results/?query=&start=275&count=25&sort_by=Released_DESC&sort_order=DESC&category1=998&cc=CN&l=schinese&ignore_preferences=1
Fetch potential demo page=12 url=https://store.steampowered.com/search/results/?query=&start=275&count=25&sort_by=Released_DESC&sort_order=DESC&category1=10&cc=CN&l=schinese&ignore_preferences=1
Potential demo found no qualified items in first 12 pages; stopping demo.
Fetch potential game page=13 url=https://store.steampowered.com/search/results/?query=&start=300&count=25&sort_by=Released_DESC&sort_order=DESC&category1=998&cc=CN&l=schinese&ignore_preferences=1
Fetch potential game page=14 url=https://store.steampowered.com/search/results/?query=&start=325&count=25&sort_by=Released_DESC&sort_order=DESC&category1=998&cc=CN&l=schinese&ignore_preferences=1
Fetch potential game page=15 url=https://store.steampowered.com/search/results/?query=&start=350&count=25&sort_by=Released_DESC&sort_order=DESC&category1=998&cc=CN&l=schinese&ignore_preferences=1
Fetch potential game page=16 url=https://store.steampowered.com/search/results/?query=&start=375&count=25&sort_by=Released_DESC&sort_order=DESC&category1=998&cc=CN&l=schinese&ignore_preferences=1
Fetch potential game page=17 url=https://store.steampowered.com/search/results/?query=&start=400&count=25&sort_by=Released_DESC&sort_order=DESC&category1=998&cc=CN&l=schinese&ignore_preferences=1
Fetch potential game page=18 url=https://store.steampowered.com/search/results/?query=&start=425&count=25&sort_by=Released_DESC&sort_order=DESC&category1=998&cc=CN&l=schinese&ignore_preferences=1
Fetch potential game page=19 url=https://store.steampowered.com/search/results/?query=&start=450&count=25&sort_by=Released_DESC&sort_order=DESC&category1=998&cc=CN&l=schinese&ignore_preferences=1
Fetch potential game page=20 url=https://store.steampowered.com/search/results/?query=&start=475&count=25&sort_by=Released_DESC&sort_order=DESC&category1=998&cc=CN&l=schinese&ignore_preferences=1
Fetch potential game page=21 url=https://store.steampowered.com/search/results/?query=&start=500&count=25&sort_by=Released_DESC&sort_order=DESC&category1=998&cc=CN&l=schinese&ignore_preferences=1
Fetch potential game page=22 url=https://store.steampowered.com/search/results/?query=&start=525&count=25&sort_by=Released_DESC&sort_order=DESC&category1=998&cc=CN&l=schinese&ignore_preferences=1
Fetch potential game page=23 url=https://store.steampowered.com/search/results/?query=&start=550&count=25&sort_by=Released_DESC&sort_order=DESC&category1=998&cc=CN&l=schinese&ignore_preferences=1
Fetch potential game page=24 url=https://store.steampowered.com/search/results/?query=&start=575&count=25&sort_by=Released_DESC&sort_order=DESC&category1=998&cc=CN&l=schinese&ignore_preferences=1
Fetch potential game page=25 url=https://store.steampowered.com/search/results/?query=&start=600&count=25&sort_by=Released_DESC&sort_order=DESC&category1=998&cc=CN&l=schinese&ignore_preferences=1
Fetch potential game page=26 url=https://store.steampowered.com/search/results/?query=&start=625&count=25&sort_by=Released_DESC&sort_order=DESC&category1=998&cc=CN&l=schinese&ignore_preferences=1
Fetch potential game page=27 url=https://store.steampowered.com/search/results/?query=&start=650&count=25&sort_by=Released_DESC&sort_order=DESC&category1=998&cc=CN&l=schinese&ignore_preferences=1
Fetch potential game page=28 url=https://store.steampowered.com/search/results/?query=&start=675&count=25&sort_by=Released_DESC&sort_order=DESC&category1=998&cc=CN&l=schinese&ignore_preferences=1
Fetch potential game page=29 url=https://store.steampowered.com/search/results/?query=&start=700&count=25&sort_by=Released_DESC&sort_order=DESC&category1=998&cc=CN&l=schinese&ignore_preferences=1
Potential game page=29 is older than current top 100; stopping game.
Potential game: pages=29 candidates=725 qualified=106
Potential demo: pages=12 candidates=300 qualified=0
Fetch StoreBrowse details batches=2 batch_size=50 items=100
StoreBrowse batch 1/2 appids=4260530,4169770,1829470,1601330,673560,3930510,3864450,3428570,3559510,4654940,4687470,2211170,4039900,3337380,1001270,1454370,3989960,2417470,4335460,3276050,2340520,4754260,3124850,2445690,4517460,2994990,3223160,4121170,3858650,958520,3857430,2679100,3844970,1570450,4704690,2866670,3700980,1092590,2004680,4148240,3375890,3939100,3219180,3762660,3100310,1597080,3396290,1805110,4164900,4060150
StoreBrowse batch 2/2 appids=3894790,4757300,2262020,3734890,3929630,3723750,2474770,3392420,3579100,3845640,4610100,1662010,4661910,1297900,4285690,3515530,3324250,3634340,3818900,3239960,3709430,2752350,2144600,3833760,4685070,3301370,1281640,1902940,4429870,3989640,3710840,3618850,2753000,3916860,4157170,3144230,4491360,4305480,1546090,1451480,2287550,3503790,4409870,3234100,4501210,1614550,3997970,4396620,3708070,2186990
Potential selected=100 games=100 demos=0 raw_qualified=100
Completed total=300 games=83 demos=217 free=231 discounted=48
Potential total=100 games=100 demos=0 cutoff=2025-06-14 min_reviews>50
Potential freshness fresh=100 backfilled=0 used_previous=False rate_limited=False
